#
# A fatal error has been detected by the Java Runtime Environment:
#
#  EXCEPTION_ACCESS_VIOLATION (0xc0000005) at pc=0x00007ffef45fc403, pid=15716, tid=3216
#
# JRE version: OpenJDK Runtime Environment Temurin-17.0.12+7 (17.0.12+7) (build 17.0.12+7)
# Java VM: OpenJDK 64-Bit Server VM Temurin-17.0.12+7 (17.0.12+7, mixed mode, tiered, compressed oops, compressed class ptrs, parallel gc, windows-amd64)
# Problematic frame:
# V  [jvm.dll+0x36c403]
#
# No core dump will be written. Minidumps are not enabled by default on client versions of Windows
#
# If you would like to submit a bug report, please visit:
#   https://github.com/adoptium/adoptium-support/issues
#

---------------  S U M M A R Y ------------

Command Line: --add-modules=ALL-SYSTEM --add-opens=java.base/java.util=ALL-UNNAMED --add-opens=java.base/java.lang=ALL-UNNAMED --add-opens=java.base/sun.nio.fs=ALL-UNNAMED -Declipse.application=org.eclipse.jdt.ls.core.id1 -Dosgi.bundles.defaultStartLevel=4 -Declipse.product=org.eclipse.jdt.ls.core.product -Djava.import.generatesMetadataFilesAtProjectRoot=false -DDetectVMInstallationsJob.disabled=true -Dfile.encoding=utf8 -XX:+UseParallelGC -XX:GCTimeRatio=4 -XX:AdaptiveSizePolicyWeight=90 -Dsun.zip.disableMemoryMapping=true -Xmx1G -Xms100m -Xlog:disable -javaagent:c:\Users\jaquino\.vscode\extensions\redhat.java-1.35.1-win32-x64\lombok\lombok-1.18.33.jar c:\Users\jaquino\.vscode\extensions\redhat.java-1.35.1-win32-x64\server\plugins\org.eclipse.equinox.launcher_1.6.900.v20240613-2009.jar -configuration c:\Users\jaquino\AppData\Roaming\Code\User\globalStorage\redhat.java\1.35.1\config_ss_win -data c:\Users\jaquino\AppData\Roaming\Code\User\workspaceStorage\d866413a3c9df3e65c181d257a67d8cf\redhat.java\ss_ws --pipe=\\.\pipe\lsp-24ddaf1583b20cec1b938714a34346fc-sock

Host: Intel(R) Core(TM) i5-4570 CPU @ 3.20GHz, 4 cores, 19G,  Windows 10 , 64 bit Build 19041 (10.0.19041.3636)
Time: Tue Oct 29 13:07:27 2024 China Standard Time elapsed time: 67.390164 seconds (0d 0h 1m 7s)

---------------  T H R E A D  ---------------

Current thread (0x000002967640e640):  JavaThread "C2 CompilerThread0" daemon [_thread_in_native, id=3216, stack(0x000000ef76400000,0x000000ef76500000)]


Current CompileTask:
C2:  67390 4231       4       org.lombokweb.asm.ClassReader::readMethod (1070 bytes)

Stack: [0x000000ef76400000,0x000000ef76500000],  sp=0x000000ef764fb970,  free space=1006k
Native frames: (J=compiled Java code, j=interpreted, Vv=VM code, C=native code)
V  [jvm.dll+0x36c403]
V  [jvm.dll+0x365b9d]
V  [jvm.dll+0x1bd3aa]
V  [jvm.dll+0x21aa09]
V  [jvm.dll+0x219cf1]
V  [jvm.dll+0x1a58bd]
V  [jvm.dll+0x229a2d]
V  [jvm.dll+0x227bdc]
V  [jvm.dll+0x7ec1f7]
V  [jvm.dll+0x7e65dc]
V  [jvm.dll+0x67e7f7]
C  [ucrtbase.dll+0x21bb2]
C  [KERNEL32.DLL+0x17344]
C  [ntdll.dll+0x4cc91]


siginfo: EXCEPTION_ACCESS_VIOLATION (0xc0000005), reading address 0x00006ffef4e1be48


Registers:
RAX=0x000002967cff5c00, RBX=0x000000ef764fba90, RCX=0x000002967cff5c20, RDX=0x0000000000000050
RSP=0x000000ef764fb970, RBP=0x000000ef764fe980, RSI=0x0000000000000148, RDI=0x0000000000000029
R8 =0x000000000000003e, R9 =0x0000000000000008, R10=0x0000000000000003, R11=0x000002967cff55a0
R12=0x000002966ec30f18, R13=0x00007ffef4e1be48, R14=0x00006ffef4e1be48, R15=0x000002967f6a9200
RIP=0x00007ffef45fc403, EFLAGS=0x0000000000010202


Register to memory mapping:

RIP=0x00007ffef45fc403 jvm.dll
RAX=0x000002967cff5c00 points into unknown readable memory: 0x000002967cff5be0 | e0 5b ff 7c 96 02 00 00
RBX=0x000000ef764fba90 is pointing into the stack for thread: 0x000002967640e640
RCX=0x000002967cff5c20 points into unknown readable memory: 0x0000000000000000 | 00 00 00 00 00 00 00 00
RDX=0x0000000000000050 is an unknown value
RSP=0x000000ef764fb970 is pointing into the stack for thread: 0x000002967640e640
RBP=0x000000ef764fe980 is pointing into the stack for thread: 0x000002967640e640
RSI=0x0000000000000148 is an unknown value
RDI=0x0000000000000029 is an unknown value
R8 =0x000000000000003e is an unknown value
R9 =0x0000000000000008 is an unknown value
R10=0x0000000000000003 is an unknown value
R11=0x000002967cff55a0 points into unknown readable memory: 0x000000000000000c | 0c 00 00 00 00 00 00 00
R12=0x000002966ec30f18 points into unknown readable memory: 0x0000029671628e90 | 90 8e 62 71 96 02 00 00
R13=0x00007ffef4e1be48 jvm.dll
R14=0x00006ffef4e1be48 is an unknown value
R15=0x000002967f6a9200 points into unknown readable memory: 0x0000000000000000 | 00 00 00 00 00 00 00 00


Top of Stack: (sp=0x000000ef764fb970)
0x000000ef764fb970:   0000000000000000 0000000100000003
0x000000ef764fb980:   0000000b00000001 000002967cff5c20
0x000000ef764fb990:   0000000000000000 000002967f205880
0x000000ef764fb9a0:   000000000000000c 000000ef764fbac0
0x000000ef764fb9b0:   000000ef764fc030 00007ffef45f5b9d
0x000000ef764fb9c0:   000002967ca4e298 0000000000000000
0x000000ef764fb9d0:   0000000000000000 00007fff6ccf47b1
0x000000ef764fb9e0:   000000ef764fba00 0000029600000006
0x000000ef764fb9f0:   ffffffff00000006 000000000000000c
0x000000ef764fba00:   0000000600000000 0000000e00000020
0x000000ef764fba10:   0000000000000000 0000000800000000
0x000000ef764fba20:   0000000d0000000c 0000000000000000
0x000000ef764fba30:   0000000000000007 000002967ca4e298
0x000000ef764fba40:   0000000400000603 0000000000000000
0x000000ef764fba50:   0000000000000000 0000000200000a42
0x000000ef764fba60:   0000000b0000000b 000002967e21ede0
0x000000ef764fba70:   000002967e21fa20 000000ef764fba90
0x000000ef764fba80:   000002967ca4e1a4 000002967ca4e1ac
0x000000ef764fba90:   0000000000000000 000002967cff60e0
0x000000ef764fbaa0:   000002967b88ba70 000002967b88b9d0
0x000000ef764fbab0:   000002967cd8bd50 0000000000000000
0x000000ef764fbac0:   000002967d6fdf30 00007ffef433d231
0x000000ef764fbad0:   000002967b88b550 00000000000000e6
0x000000ef764fbae0:   0000029671628e90 0000000000000676
0x000000ef764fbaf0:   000002967d6fdf30 00007ffef47f8b5d
0x000000ef764fbb00:   000000000000003c 0000000000000677
0x000000ef764fbb10:   000002967cd8bd50 0000000000000000
0x000000ef764fbb20:   000002960000003e 0000000000000020
0x000000ef764fbb30:   000002967b880000 0000000000000000
0x000000ef764fbb40:   0000029676406f00 000002967d6fdf00
0x000000ef764fbb50:   00000000003124a8 00007ffef4bf5e08
0x000000ef764fbb60:   0000000000000000 0000000000000000 

Instructions: (pc=0x00007ffef45fc403)
0x00007ffef45fc303:   48 f7 d0 48 8b b9 c8 08 00 00 48 8b 4f 18 48 3b
0x00007ffef45fc313:   c1 73 16 4c 8d 05 0b e2 5a 00 48 8b d6 48 8b cf
0x00007ffef45fc323:   e8 68 0f d4 ff 48 8b 4f 18 48 8d 04 31 48 3b 47
0x00007ffef45fc333:   20 76 13 45 33 c0 48 8b d6 48 8b cf e8 9c 0c d4
0x00007ffef45fc343:   ff 48 8b c8 eb 04 48 89 47 18 ba 50 00 00 00 33
0x00007ffef45fc353:   ff 48 89 4b 08 39 bb 90 00 00 00 0f 86 d9 00 00
0x00007ffef45fc363:   00 65 48 8b 04 25 58 00 00 00 4c 89 64 24 50 4c
0x00007ffef45fc373:   89 6c 24 58 4c 8d 2d ca fa 81 00 4c 89 74 24 60
0x00007ffef45fc383:   4c 8d 24 e8 66 0f 1f 84 00 00 00 00 00 49 8b 47
0x00007ffef45fc393:   08 48 8d 34 fd 00 00 00 00 4c 8b 34 06 4d 3b f5
0x00007ffef45fc3a3:   75 0a 48 8b 43 08 4c 89 2c 06 eb 6c 49 8b 2c 24
0x00007ffef45fc3b3:   8b c2 80 3c 28 00 75 05 e8 68 6a 52 00 b8 20 00
0x00007ffef45fc3c3:   00 00 48 8b 0c 28 48 8b 81 e0 04 00 00 48 8b a8
0x00007ffef45fc3d3:   80 00 00 00 48 8b 8d d0 08 00 00 48 85 c9 75 0c
0x00007ffef45fc3e3:   e8 e8 0b 00 00 48 8b 8d d0 08 00 00 48 8b 01 0f
0x00007ffef45fc3f3:   57 c0 48 89 85 d0 08 00 00 0f 11 01 0f 11 41 10
0x00007ffef45fc403:   41 0f 10 06 0f 11 01 41 0f 10 4e 10 0f 11 49 10
0x00007ffef45fc413:   48 8b 43 08 48 89 0c 06 ff c7 ba 50 00 00 00 3b
0x00007ffef45fc423:   bb 90 00 00 00 0f 82 62 ff ff ff 4c 8b 74 24 60
0x00007ffef45fc433:   4c 8b 6c 24 58 4c 8b 64 24 50 48 8b c3 48 83 c4
0x00007ffef45fc443:   20 41 5f 5f 5e 5d 5b c3 cc cc cc cc cc 40 53 48
0x00007ffef45fc453:   83 ec 20 8b 51 0c 48 8b d9 83 fa 04 73 2a 4c 8b
0x00007ffef45fc463:   59 18 66 66 66 0f 1f 84 00 00 00 00 00 44 8b d2
0x00007ffef45fc473:   44 8d 4a 01 4b 83 3c d3 00 0f 85 8f 00 00 00 41
0x00007ffef45fc483:   8b d1 41 83 f9 04 72 e5 48 89 74 24 30 48 89 7c
0x00007ffef45fc493:   24 38 8b 79 10 3b 79 14 73 62 48 8d 35 a4 f9 81
0x00007ffef45fc4a3:   00 0f 1f 40 00 0f 1f 84 00 00 00 00 00 48 8b 43
0x00007ffef45fc4b3:   20 8b cf 48 8b 14 c8 48 3b d6 74 39 33 c0 48 89
0x00007ffef45fc4c3:   53 18 33 c9 66 0f 1f 84 00 00 00 00 00 48 83 3c
0x00007ffef45fc4d3:   11 00 44 8d 48 01 75 6f 48 83 c1 08 41 8b c1 41
0x00007ffef45fc4e3:   83 f9 04 72 e8 48 8b 4b 28 48 85 c9 74 07 8b d7
0x00007ffef45fc4f3:   e8 58 01 00 00 ff c7 3b 7b 14 72 b1 48 8b 74 24 


Stack slot to memory mapping:
stack at sp + 0 slots: 0x0 is NULL
stack at sp + 1 slots: 0x0000000100000003 is pointing into metadata
stack at sp + 2 slots: 0x0000000b00000001 is an unknown value
stack at sp + 3 slots: 0x000002967cff5c20 points into unknown readable memory: 0x0000000000000000 | 00 00 00 00 00 00 00 00
stack at sp + 4 slots: 0x0 is NULL
stack at sp + 5 slots: 0x000002967f205880 points into unknown readable memory: 0x00007ffef4b7a100 | 00 a1 b7 f4 fe 7f 00 00
stack at sp + 6 slots: 0x000000000000000c is an unknown value
stack at sp + 7 slots: 0x000000ef764fbac0 is pointing into the stack for thread: 0x000002967640e640


---------------  P R O C E S S  ---------------

Threads class SMR info:
_java_thread_list=0x000002967d67fd40, length=31, elements={
0x00000296715b2150, 0x00000296763ee730, 0x00000296763f0220, 0x0000029676407820,
0x00000296764085b0, 0x0000029676409340, 0x000002967640d850, 0x000002967640e640,
0x000002967b5a1a00, 0x000002967b5cca50, 0x000002967b6d3a80, 0x000002967b8af3f0,
0x000002967bee93e0, 0x000002967c07d3e0, 0x000002967c07db90, 0x000002967bd7bb00,
0x000002967b6a4d10, 0x000002967b6a29a0, 0x000002967b6a38d0, 0x000002967b6a2490,
0x000002967b6a2eb0, 0x000002967b6a33c0, 0x000002967b6a3de0, 0x000002967b6a42f0,
0x000002967b6a4800, 0x000002967b6a5220, 0x000002967b6a5c40, 0x000002967b95ccd0,
0x000002967b95eb30, 0x000002967b95a960, 0x000002967b9585f0
}

Java Threads: ( => current thread )
  0x00000296715b2150 JavaThread "main" [_thread_blocked, id=2464, stack(0x000000ef75b00000,0x000000ef75c00000)]
  0x00000296763ee730 JavaThread "Reference Handler" daemon [_thread_blocked, id=1256, stack(0x000000ef75e00000,0x000000ef75f00000)]
  0x00000296763f0220 JavaThread "Finalizer" daemon [_thread_blocked, id=10372, stack(0x000000ef75f00000,0x000000ef76000000)]
  0x0000029676407820 JavaThread "Signal Dispatcher" daemon [_thread_blocked, id=1792, stack(0x000000ef76000000,0x000000ef76100000)]
  0x00000296764085b0 JavaThread "Attach Listener" daemon [_thread_blocked, id=260, stack(0x000000ef76100000,0x000000ef76200000)]
  0x0000029676409340 JavaThread "Service Thread" daemon [_thread_blocked, id=8452, stack(0x000000ef76200000,0x000000ef76300000)]
  0x000002967640d850 JavaThread "Monitor Deflation Thread" daemon [_thread_blocked, id=9804, stack(0x000000ef76300000,0x000000ef76400000)]
=>0x000002967640e640 JavaThread "C2 CompilerThread0" daemon [_thread_in_native, id=3216, stack(0x000000ef76400000,0x000000ef76500000)]
  0x000002967b5a1a00 JavaThread "C1 CompilerThread0" daemon [_thread_blocked, id=2872, stack(0x000000ef76500000,0x000000ef76600000)]
  0x000002967b5cca50 JavaThread "Sweeper thread" daemon [_thread_blocked, id=12664, stack(0x000000ef76600000,0x000000ef76700000)]
  0x000002967b6d3a80 JavaThread "Common-Cleaner" daemon [_thread_blocked, id=8472, stack(0x000000ef76700000,0x000000ef76800000)]
  0x000002967b8af3f0 JavaThread "Notification Thread" daemon [_thread_blocked, id=11076, stack(0x000000ef76800000,0x000000ef76900000)]
  0x000002967bee93e0 JavaThread "Active Thread: Equinox Container: f0e4cda1-3ae7-44c5-a44e-3d38ae2fab1b" [_thread_blocked, id=15008, stack(0x000000ef76a00000,0x000000ef76b00000)]
  0x000002967c07d3e0 JavaThread "Framework Event Dispatcher: Equinox Container: f0e4cda1-3ae7-44c5-a44e-3d38ae2fab1b" daemon [_thread_blocked, id=2400, stack(0x000000ef76e00000,0x000000ef76f00000)]
  0x000002967c07db90 JavaThread "Start Level: Equinox Container: f0e4cda1-3ae7-44c5-a44e-3d38ae2fab1b" daemon [_thread_blocked, id=2024, stack(0x000000ef76f00000,0x000000ef77000000)]
  0x000002967bd7bb00 JavaThread "SCR Component Actor" daemon [_thread_blocked, id=11184, stack(0x000000ef77000000,0x000000ef77100000)]
  0x000002967b6a4d10 JavaThread "Worker-JM" [_thread_blocked, id=1880, stack(0x000000ef77200000,0x000000ef77300000)]
  0x000002967b6a29a0 JavaThread "JNA Cleaner" daemon [_thread_blocked, id=4212, stack(0x000000ef77300000,0x000000ef77400000)]
  0x000002967b6a38d0 JavaThread "Worker-0" [_thread_blocked, id=11848, stack(0x000000ef77400000,0x000000ef77500000)]
  0x000002967b6a2490 JavaThread "Worker-1" [_thread_blocked, id=11004, stack(0x000000ef77500000,0x000000ef77600000)]
  0x000002967b6a2eb0 JavaThread "Thread-2" daemon [_thread_in_native, id=11496, stack(0x000000ef75a00000,0x000000ef75b00000)]
  0x000002967b6a33c0 JavaThread "Thread-3" daemon [_thread_in_native, id=8056, stack(0x000000ef77100000,0x000000ef77200000)]
  0x000002967b6a3de0 JavaThread "Thread-4" daemon [_thread_in_native, id=11560, stack(0x000000ef77600000,0x000000ef77700000)]
  0x000002967b6a42f0 JavaThread "Thread-5" daemon [_thread_in_native, id=2064, stack(0x000000ef77700000,0x000000ef77800000)]
  0x000002967b6a4800 JavaThread "Thread-6" daemon [_thread_in_native, id=15068, stack(0x000000ef77800000,0x000000ef77900000)]
  0x000002967b6a5220 JavaThread "pool-2-thread-1" [_thread_blocked, id=14776, stack(0x000000ef77900000,0x000000ef77a00000)]
  0x000002967b6a5c40 JavaThread "WorkspaceEventsHandler" [_thread_blocked, id=156, stack(0x000000ef77a00000,0x000000ef77b00000)]
  0x000002967b95ccd0 JavaThread "pool-1-thread-1" [_thread_blocked, id=15936, stack(0x000000ef77b00000,0x000000ef77c00000)]
  0x000002967b95eb30 JavaThread "ForkJoinPool.commonPool-worker-1" daemon [_thread_blocked, id=15764, stack(0x000000ef77c00000,0x000000ef77d00000)]
  0x000002967b95a960 JavaThread "ForkJoinPool.commonPool-worker-2" daemon [_thread_in_Java, id=11924, stack(0x000000ef77d00000,0x000000ef77e00000)]
  0x000002967b9585f0 JavaThread "ForkJoinPool.commonPool-worker-3" daemon [_thread_blocked, id=13816, stack(0x000000ef77e00000,0x000000ef77f00000)]

Other Threads:
  0x000002967162ecb0 VMThread "VM Thread" [stack: 0x000000ef75d00000,0x000000ef75e00000] [id=12060]
  0x000002967b8af8d0 WatcherThread [stack: 0x000000ef76900000,0x000000ef76a00000] [id=12020]
  0x00000296715c66e0 GCTaskThread "GC Thread#0" [stack: 0x000000ef75c00000,0x000000ef75d00000] [id=6148]
  0x000002967bde8190 GCTaskThread "GC Thread#1" [stack: 0x000000ef76b00000,0x000000ef76c00000] [id=5100]
  0x000002967bd98020 GCTaskThread "GC Thread#2" [stack: 0x000000ef76c00000,0x000000ef76d00000] [id=15036]
  0x000002967bd982e0 GCTaskThread "GC Thread#3" [stack: 0x000000ef76d00000,0x000000ef76e00000] [id=3536]

Threads with active compile tasks:
C2 CompilerThread0    67720 4231       4       org.lombokweb.asm.ClassReader::readMethod (1070 bytes)

VM state: not at safepoint (normal execution)

VM Mutex/Monitor currently owned by a thread:  ([mutex/lock_event])
[0x00000296715ad510] MultiArray_lock - owner thread: 0x0000000000000000

Heap address: 0x00000000c0000000, size: 1024 MB, Compressed Oops mode: 32-bit

CDS archive(s) not mapped
Compressed class space mapped at: 0x0000000100000000-0x0000000140000000, reserved size: 1073741824
Narrow klass base: 0x0000000000000000, Narrow klass shift: 3, Narrow klass range: 0x140000000

GC Precious Log:
 CPUs: 4 total, 4 available
 Memory: 20160M
 Large Page Support: Disabled
 NUMA Support: Disabled
 Compressed Oops: Enabled (32-bit)
 Alignments: Space 512K, Generation 512K, Heap 2M
 Heap Min Capacity: 100M
 Heap Initial Capacity: 100M
 Heap Max Capacity: 1G
 Pre-touch: Disabled
 Parallel Workers: 4

Heap:
 PSYoungGen      total 22528K, used 20099K [0x00000000eab00000, 0x00000000ec400000, 0x0000000100000000)
  eden space 22016K, 90% used [0x00000000eab00000,0x00000000ebe80c08,0x00000000ec080000)
  from space 512K, 25% used [0x00000000ec200000,0x00000000ec220000,0x00000000ec280000)
  to   space 1024K, 0% used [0x00000000ec300000,0x00000000ec300000,0x00000000ec400000)
 ParOldGen       total 68608K, used 20345K [0x00000000c0000000, 0x00000000c4300000, 0x00000000eab00000)
  object space 68608K, 29% used [0x00000000c0000000,0x00000000c13de6f8,0x00000000c4300000)
 Metaspace       used 42997K, committed 43840K, reserved 1114112K
  class space    used 4388K, committed 4736K, reserved 1048576K

Card table byte_map: [0x0000029670f20000,0x0000029671130000] _byte_map_base: 0x0000029670920000

Marking Bits: (ParMarkBitMap*) 0x00007ffef4e358b0
 Begin Bits: [0x0000029674210000, 0x0000029675210000)
 End Bits:   [0x0000029675210000, 0x0000029676210000)

Polling page: 0x000002966ee50000

Metaspace:

Usage:
  Non-class:     37.70 MB used.
      Class:      4.29 MB used.
       Both:     41.99 MB used.

Virtual space:
  Non-class space:       64.00 MB reserved,      38.19 MB ( 60%) committed,  1 nodes.
      Class space:        1.00 GB reserved,       4.62 MB ( <1%) committed,  1 nodes.
             Both:        1.06 GB reserved,      42.81 MB (  4%) committed. 

Chunk freelists:
   Non-Class:  9.73 MB
       Class:  11.39 MB
        Both:  21.12 MB

MaxMetaspaceSize: unlimited
CompressedClassSpaceSize: 1.00 GB
Initial GC threshold: 21.00 MB
Current GC threshold: 58.38 MB
CDS: off
MetaspaceReclaimPolicy: balanced
 - commit_granule_bytes: 65536.
 - commit_granule_words: 8192.
 - virtual_space_node_default_size: 8388608.
 - enlarge_chunks_in_place: 1.
 - new_chunks_are_fully_committed: 0.
 - uncommit_free_chunks: 1.
 - use_allocation_guard: 0.
 - handle_deallocations: 1.


Internal statistics:

num_allocs_failed_limit: 6.
num_arena_births: 554.
num_arena_deaths: 14.
num_vsnodes_births: 2.
num_vsnodes_deaths: 0.
num_space_committed: 685.
num_space_uncommitted: 0.
num_chunks_returned_to_freelist: 20.
num_chunks_taken_from_freelist: 1987.
num_chunk_merges: 8.
num_chunk_splits: 1291.
num_chunks_enlarged: 831.
num_inconsistent_stats: 0.

CodeHeap 'non-profiled nmethods': size=120000Kb used=2450Kb max_used=2450Kb free=117549Kb
 bounds [0x0000029607ad0000, 0x0000029607d40000, 0x000002960f000000]
CodeHeap 'profiled nmethods': size=120000Kb used=9321Kb max_used=9321Kb free=110678Kb
 bounds [0x0000029600000000, 0x0000029600920000, 0x0000029607530000]
CodeHeap 'non-nmethods': size=5760Kb used=1307Kb max_used=1360Kb free=4452Kb
 bounds [0x0000029607530000, 0x00000296077a0000, 0x0000029607ad0000]
 total_blobs=4967 nmethods=4326 adapters=555
 compilation: enabled
              stopped_count=0, restarted_count=0
 full_count=0

Compilation events (20 events):
Event: 66.928 Thread 0x000002967db527c0 4236       4       java.util.regex.Pattern$GroupHead::match (47 bytes)
Event: 66.929 Thread 0x000002967b5a1a00 4263       3       java.net.URI$1::create (10 bytes)
Event: 66.929 Thread 0x000002967db527c0 nmethod 4236 0x0000029607d1ba90 code [0x0000029607d1bc20, 0x0000029607d1bd58]
Event: 66.929 Thread 0x000002967b5a1a00 nmethod 4263 0x00000296008ebd90 code [0x00000296008ebf40, 0x00000296008ec0e8]
Event: 66.929 Thread 0x000002967db527c0 4232       4       lombok.patcher.MethodTarget::matches (29 bytes)
Event: 66.953 Thread 0x000002967b5a1a00 4264       3       org.eclipse.osgi.internal.loader.classpath.ClasspathEntry::findResource (65 bytes)
Event: 66.954 Thread 0x000002967b5a1a00 nmethod 4264 0x00000296008ec190 code [0x00000296008ec3a0, 0x00000296008ecaa8]
Event: 67.072 Thread 0x000002967b5a1a00 4266       3       org.eclipse.osgi.internal.loader.BundleLoader::findLocalResource (9 bytes)
Event: 67.072 Thread 0x000002967b5a1a00 nmethod 4266 0x00000296008ecc90 code [0x00000296008ece40, 0x00000296008ed158]
Event: 67.072 Thread 0x000002967b5a1a00 4268       3       org.eclipse.osgi.internal.loader.classpath.ClasspathManager::findLocalResourceImpl (81 bytes)
Event: 67.073 Thread 0x000002967b5a1a00 nmethod 4268 0x00000296008ed290 code [0x00000296008ed460, 0x00000296008ed888]
Event: 67.073 Thread 0x000002967b5a1a00 4267       3       org.eclipse.osgi.internal.loader.ModuleClassLoader::findLocalResource (9 bytes)
Event: 67.073 Thread 0x000002967b5a1a00 nmethod 4267 0x00000296008eda90 code [0x00000296008edc40, 0x00000296008edda8]
Event: 67.150 Thread 0x000002967b5a1a00 4269       3       java.lang.ClassLoader::getClassLoader (11 bytes)
Event: 67.150 Thread 0x000002967b5a1a00 nmethod 4269 0x00000296008ede90 code [0x00000296008ee020, 0x00000296008ee198]
Event: 67.192 Thread 0x000002967db527c0 nmethod 4232 0x0000029607d1bf10 code [0x0000029607d1c540, 0x0000029607d22cc0]
Event: 67.193 Thread 0x000002967db527c0 4265       4       lombok.launch.PackageShader::apply (252 bytes)
Event: 67.221 Thread 0x000002967db527c0 nmethod 4265 0x0000029607d26c10 code [0x0000029607d26f20, 0x0000029607d28a08]
Event: 67.221 Thread 0x000002967db527c0 4209       4       org.lombokweb.asm.ByteVector::put12 (64 bytes)
Event: 67.224 Thread 0x000002967db527c0 nmethod 4209 0x0000029607d29a10 code [0x0000029607d29ba0, 0x0000029607d29ff8]

GC Heap History (20 events):
Event: 59.076 GC heap before
{Heap before GC invocations=8 (full 1):
 PSYoungGen      total 27648K, used 27217K [0x00000000eab00000, 0x00000000eca00000, 0x0000000100000000)
  eden space 24576K, 100% used [0x00000000eab00000,0x00000000ec300000,0x00000000ec300000)
  from space 3072K, 85% used [0x00000000ec700000,0x00000000ec994538,0x00000000eca00000)
  to   space 3072K, 0% used [0x00000000ec400000,0x00000000ec400000,0x00000000ec700000)
 ParOldGen       total 68608K, used 6887K [0x00000000c0000000, 0x00000000c4300000, 0x00000000eab00000)
  object space 68608K, 10% used [0x00000000c0000000,0x00000000c06b9cd0,0x00000000c4300000)
 Metaspace       used 30380K, committed 30912K, reserved 1114112K
  class space    used 2938K, committed 3200K, reserved 1048576K
}
Event: 59.079 GC heap after
{Heap after GC invocations=8 (full 1):
 PSYoungGen      total 27136K, used 3041K [0x00000000eab00000, 0x00000000ecb80000, 0x0000000100000000)
  eden space 24064K, 0% used [0x00000000eab00000,0x00000000eab00000,0x00000000ec280000)
  from space 3072K, 99% used [0x00000000ec400000,0x00000000ec6f86a8,0x00000000ec700000)
  to   space 4608K, 0% used [0x00000000ec700000,0x00000000ec700000,0x00000000ecb80000)
 ParOldGen       total 68608K, used 8051K [0x00000000c0000000, 0x00000000c4300000, 0x00000000eab00000)
  object space 68608K, 11% used [0x00000000c0000000,0x00000000c07dcdc0,0x00000000c4300000)
 Metaspace       used 30380K, committed 30912K, reserved 1114112K
  class space    used 2938K, committed 3200K, reserved 1048576K
}
Event: 61.896 GC heap before
{Heap before GC invocations=9 (full 1):
 PSYoungGen      total 27136K, used 27105K [0x00000000eab00000, 0x00000000ecb80000, 0x0000000100000000)
  eden space 24064K, 100% used [0x00000000eab00000,0x00000000ec280000,0x00000000ec280000)
  from space 3072K, 99% used [0x00000000ec400000,0x00000000ec6f86a8,0x00000000ec700000)
  to   space 4608K, 0% used [0x00000000ec700000,0x00000000ec700000,0x00000000ecb80000)
 ParOldGen       total 68608K, used 8051K [0x00000000c0000000, 0x00000000c4300000, 0x00000000eab00000)
  object space 68608K, 11% used [0x00000000c0000000,0x00000000c07dcdc0,0x00000000c4300000)
 Metaspace       used 34003K, committed 34624K, reserved 1114112K
  class space    used 3388K, committed 3648K, reserved 1048576K
}
Event: 61.899 GC heap after
{Heap after GC invocations=9 (full 1):
 PSYoungGen      total 28160K, used 4136K [0x00000000eab00000, 0x00000000ecb80000, 0x0000000100000000)
  eden space 23552K, 0% used [0x00000000eab00000,0x00000000eab00000,0x00000000ec200000)
  from space 4608K, 89% used [0x00000000ec700000,0x00000000ecb0a0f8,0x00000000ecb80000)
  to   space 4608K, 0% used [0x00000000ec280000,0x00000000ec280000,0x00000000ec700000)
 ParOldGen       total 68608K, used 8051K [0x00000000c0000000, 0x00000000c4300000, 0x00000000eab00000)
  object space 68608K, 11% used [0x00000000c0000000,0x00000000c07dcdc0,0x00000000c4300000)
 Metaspace       used 34003K, committed 34624K, reserved 1114112K
  class space    used 3388K, committed 3648K, reserved 1048576K
}
Event: 62.195 GC heap before
{Heap before GC invocations=10 (full 1):
 PSYoungGen      total 28160K, used 12483K [0x00000000eab00000, 0x00000000ecb80000, 0x0000000100000000)
  eden space 23552K, 35% used [0x00000000eab00000,0x00000000eb326e48,0x00000000ec200000)
  from space 4608K, 89% used [0x00000000ec700000,0x00000000ecb0a0f8,0x00000000ecb80000)
  to   space 4608K, 0% used [0x00000000ec280000,0x00000000ec280000,0x00000000ec700000)
 ParOldGen       total 68608K, used 8051K [0x00000000c0000000, 0x00000000c4300000, 0x00000000eab00000)
  object space 68608K, 11% used [0x00000000c0000000,0x00000000c07dcdc0,0x00000000c4300000)
 Metaspace       used 35277K, committed 35840K, reserved 1114112K
  class space    used 3535K, committed 3776K, reserved 1048576K
}
Event: 62.198 GC heap after
{Heap after GC invocations=10 (full 1):
 PSYoungGen      total 27136K, used 3119K [0x00000000eab00000, 0x00000000ec900000, 0x0000000100000000)
  eden space 23552K, 0% used [0x00000000eab00000,0x00000000eab00000,0x00000000ec200000)
  from space 3584K, 87% used [0x00000000ec280000,0x00000000ec58be08,0x00000000ec600000)
  to   space 3072K, 0% used [0x00000000ec600000,0x00000000ec600000,0x00000000ec900000)
 ParOldGen       total 68608K, used 9782K [0x00000000c0000000, 0x00000000c4300000, 0x00000000eab00000)
  object space 68608K, 14% used [0x00000000c0000000,0x00000000c098d870,0x00000000c4300000)
 Metaspace       used 35277K, committed 35840K, reserved 1114112K
  class space    used 3535K, committed 3776K, reserved 1048576K
}
Event: 62.198 GC heap before
{Heap before GC invocations=11 (full 2):
 PSYoungGen      total 27136K, used 3119K [0x00000000eab00000, 0x00000000ec900000, 0x0000000100000000)
  eden space 23552K, 0% used [0x00000000eab00000,0x00000000eab00000,0x00000000ec200000)
  from space 3584K, 87% used [0x00000000ec280000,0x00000000ec58be08,0x00000000ec600000)
  to   space 3072K, 0% used [0x00000000ec600000,0x00000000ec600000,0x00000000ec900000)
 ParOldGen       total 68608K, used 9782K [0x00000000c0000000, 0x00000000c4300000, 0x00000000eab00000)
  object space 68608K, 14% used [0x00000000c0000000,0x00000000c098d870,0x00000000c4300000)
 Metaspace       used 35277K, committed 35840K, reserved 1114112K
  class space    used 3535K, committed 3776K, reserved 1048576K
}
Event: 62.221 GC heap after
{Heap after GC invocations=11 (full 2):
 PSYoungGen      total 27136K, used 0K [0x00000000eab00000, 0x00000000ec900000, 0x0000000100000000)
  eden space 23552K, 0% used [0x00000000eab00000,0x00000000eab00000,0x00000000ec200000)
  from space 3584K, 0% used [0x00000000ec280000,0x00000000ec280000,0x00000000ec600000)
  to   space 3072K, 0% used [0x00000000ec600000,0x00000000ec600000,0x00000000ec900000)
 ParOldGen       total 68608K, used 12677K [0x00000000c0000000, 0x00000000c4300000, 0x00000000eab00000)
  object space 68608K, 18% used [0x00000000c0000000,0x00000000c0c615c0,0x00000000c4300000)
 Metaspace       used 35277K, committed 35840K, reserved 1114112K
  class space    used 3535K, committed 3776K, reserved 1048576K
}
Event: 63.600 GC heap before
{Heap before GC invocations=12 (full 2):
 PSYoungGen      total 27136K, used 23552K [0x00000000eab00000, 0x00000000ec900000, 0x0000000100000000)
  eden space 23552K, 100% used [0x00000000eab00000,0x00000000ec200000,0x00000000ec200000)
  from space 3584K, 0% used [0x00000000ec280000,0x00000000ec280000,0x00000000ec600000)
  to   space 3072K, 0% used [0x00000000ec600000,0x00000000ec600000,0x00000000ec900000)
 ParOldGen       total 68608K, used 12677K [0x00000000c0000000, 0x00000000c4300000, 0x00000000eab00000)
  object space 68608K, 18% used [0x00000000c0000000,0x00000000c0c615c0,0x00000000c4300000)
 Metaspace       used 38053K, committed 38912K, reserved 1114112K
  class space    used 3871K, committed 4224K, reserved 1048576K
}
Event: 63.602 GC heap after
{Heap after GC invocations=12 (full 2):
 PSYoungGen      total 25088K, used 1696K [0x00000000eab00000, 0x00000000ec800000, 0x0000000100000000)
  eden space 23040K, 0% used [0x00000000eab00000,0x00000000eab00000,0x00000000ec180000)
  from space 2048K, 82% used [0x00000000ec600000,0x00000000ec7a8020,0x00000000ec800000)
  to   space 2560K, 0% used [0x00000000ec300000,0x00000000ec300000,0x00000000ec580000)
 ParOldGen       total 68608K, used 12685K [0x00000000c0000000, 0x00000000c4300000, 0x00000000eab00000)
  object space 68608K, 18% used [0x00000000c0000000,0x00000000c0c635c0,0x00000000c4300000)
 Metaspace       used 38053K, committed 38912K, reserved 1114112K
  class space    used 3871K, committed 4224K, reserved 1048576K
}
Event: 64.047 GC heap before
{Heap before GC invocations=13 (full 2):
 PSYoungGen      total 25088K, used 24736K [0x00000000eab00000, 0x00000000ec800000, 0x0000000100000000)
  eden space 23040K, 100% used [0x00000000eab00000,0x00000000ec180000,0x00000000ec180000)
  from space 2048K, 82% used [0x00000000ec600000,0x00000000ec7a8020,0x00000000ec800000)
  to   space 2560K, 0% used [0x00000000ec300000,0x00000000ec300000,0x00000000ec580000)
 ParOldGen       total 68608K, used 12685K [0x00000000c0000000, 0x00000000c4300000, 0x00000000eab00000)
  object space 68608K, 18% used [0x00000000c0000000,0x00000000c0c635c0,0x00000000c4300000)
 Metaspace       used 38424K, committed 39296K, reserved 1114112K
  class space    used 3923K, committed 4288K, reserved 1048576K
}
Event: 64.050 GC heap after
{Heap after GC invocations=13 (full 2):
 PSYoungGen      total 25088K, used 2193K [0x00000000eab00000, 0x00000000ec680000, 0x0000000100000000)
  eden space 22528K, 0% used [0x00000000eab00000,0x00000000eab00000,0x00000000ec100000)
  from space 2560K, 85% used [0x00000000ec300000,0x00000000ec524480,0x00000000ec580000)
  to   space 1024K, 0% used [0x00000000ec580000,0x00000000ec580000,0x00000000ec680000)
 ParOldGen       total 68608K, used 14241K [0x00000000c0000000, 0x00000000c4300000, 0x00000000eab00000)
  object space 68608K, 20% used [0x00000000c0000000,0x00000000c0de8550,0x00000000c4300000)
 Metaspace       used 38424K, committed 39296K, reserved 1114112K
  class space    used 3923K, committed 4288K, reserved 1048576K
}
Event: 64.221 GC heap before
{Heap before GC invocations=14 (full 2):
 PSYoungGen      total 25088K, used 24721K [0x00000000eab00000, 0x00000000ec680000, 0x0000000100000000)
  eden space 22528K, 100% used [0x00000000eab00000,0x00000000ec100000,0x00000000ec100000)
  from space 2560K, 85% used [0x00000000ec300000,0x00000000ec524480,0x00000000ec580000)
  to   space 1024K, 0% used [0x00000000ec580000,0x00000000ec580000,0x00000000ec680000)
 ParOldGen       total 68608K, used 14241K [0x00000000c0000000, 0x00000000c4300000, 0x00000000eab00000)
  object space 68608K, 20% used [0x00000000c0000000,0x00000000c0de8550,0x00000000c4300000)
 Metaspace       used 38592K, committed 39424K, reserved 1114112K
  class space    used 3927K, committed 4288K, reserved 1048576K
}
Event: 64.227 GC heap after
{Heap after GC invocations=14 (full 2):
 PSYoungGen      total 23040K, used 1024K [0x00000000eab00000, 0x00000000ec980000, 0x0000000100000000)
  eden space 22016K, 0% used [0x00000000eab00000,0x00000000eab00000,0x00000000ec080000)
  from space 1024K, 100% used [0x00000000ec580000,0x00000000ec680000,0x00000000ec680000)
  to   space 4608K, 0% used [0x00000000ec080000,0x00000000ec080000,0x00000000ec500000)
 ParOldGen       total 68608K, used 17347K [0x00000000c0000000, 0x00000000c4300000, 0x00000000eab00000)
  object space 68608K, 25% used [0x00000000c0000000,0x00000000c10f0dd0,0x00000000c4300000)
 Metaspace       used 38592K, committed 39424K, reserved 1114112K
  class space    used 3927K, committed 4288K, reserved 1048576K
}
Event: 65.163 GC heap before
{Heap before GC invocations=15 (full 2):
 PSYoungGen      total 23040K, used 23019K [0x00000000eab00000, 0x00000000ec980000, 0x0000000100000000)
  eden space 22016K, 99% used [0x00000000eab00000,0x00000000ec07ac08,0x00000000ec080000)
  from space 1024K, 100% used [0x00000000ec580000,0x00000000ec680000,0x00000000ec680000)
  to   space 4608K, 0% used [0x00000000ec080000,0x00000000ec080000,0x00000000ec500000)
 ParOldGen       total 68608K, used 17347K [0x00000000c0000000, 0x00000000c4300000, 0x00000000eab00000)
  object space 68608K, 25% used [0x00000000c0000000,0x00000000c10f0dd0,0x00000000c4300000)
 Metaspace       used 39463K, committed 40320K, reserved 1114112K
  class space    used 4033K, committed 4416K, reserved 1048576K
}
Event: 65.166 GC heap after
{Heap after GC invocations=15 (full 2):
 PSYoungGen      total 24064K, used 1653K [0x00000000eab00000, 0x00000000ec600000, 0x0000000100000000)
  eden space 22016K, 0% used [0x00000000eab00000,0x00000000eab00000,0x00000000ec080000)
  from space 2048K, 80% used [0x00000000ec080000,0x00000000ec21d448,0x00000000ec280000)
  to   space 2560K, 0% used [0x00000000ec380000,0x00000000ec380000,0x00000000ec600000)
 ParOldGen       total 68608K, used 18387K [0x00000000c0000000, 0x00000000c4300000, 0x00000000eab00000)
  object space 68608K, 26% used [0x00000000c0000000,0x00000000c11f4dd0,0x00000000c4300000)
 Metaspace       used 39463K, committed 40320K, reserved 1114112K
  class space    used 4033K, committed 4416K, reserved 1048576K
}
Event: 66.349 GC heap before
{Heap before GC invocations=16 (full 2):
 PSYoungGen      total 24064K, used 23669K [0x00000000eab00000, 0x00000000ec600000, 0x0000000100000000)
  eden space 22016K, 100% used [0x00000000eab00000,0x00000000ec080000,0x00000000ec080000)
  from space 2048K, 80% used [0x00000000ec080000,0x00000000ec21d448,0x00000000ec280000)
  to   space 2560K, 0% used [0x00000000ec380000,0x00000000ec380000,0x00000000ec600000)
 ParOldGen       total 68608K, used 18387K [0x00000000c0000000, 0x00000000c4300000, 0x00000000eab00000)
  object space 68608K, 26% used [0x00000000c0000000,0x00000000c11f4dd0,0x00000000c4300000)
 Metaspace       used 40809K, committed 41600K, reserved 1114112K
  class space    used 4178K, committed 4544K, reserved 1048576K
}
Event: 66.352 GC heap after
{Heap after GC invocations=16 (full 2):
 PSYoungGen      total 23552K, used 1160K [0x00000000eab00000, 0x00000000ec500000, 0x0000000100000000)
  eden space 22016K, 0% used [0x00000000eab00000,0x00000000eab00000,0x00000000ec080000)
  from space 1536K, 75% used [0x00000000ec380000,0x00000000ec4a2080,0x00000000ec500000)
  to   space 1536K, 0% used [0x00000000ec200000,0x00000000ec200000,0x00000000ec380000)
 ParOldGen       total 68608K, used 19939K [0x00000000c0000000, 0x00000000c4300000, 0x00000000eab00000)
  object space 68608K, 29% used [0x00000000c0000000,0x00000000c1378d30,0x00000000c4300000)
 Metaspace       used 40809K, committed 41600K, reserved 1114112K
  class space    used 4178K, committed 4544K, reserved 1048576K
}
Event: 66.712 GC heap before
{Heap before GC invocations=17 (full 2):
 PSYoungGen      total 23552K, used 23176K [0x00000000eab00000, 0x00000000ec500000, 0x0000000100000000)
  eden space 22016K, 100% used [0x00000000eab00000,0x00000000ec080000,0x00000000ec080000)
  from space 1536K, 75% used [0x00000000ec380000,0x00000000ec4a2080,0x00000000ec500000)
  to   space 1536K, 0% used [0x00000000ec200000,0x00000000ec200000,0x00000000ec380000)
 ParOldGen       total 68608K, used 19939K [0x00000000c0000000, 0x00000000c4300000, 0x00000000eab00000)
  object space 68608K, 29% used [0x00000000c0000000,0x00000000c1378d30,0x00000000c4300000)
 Metaspace       used 41131K, committed 41920K, reserved 1114112K
  class space    used 4200K, committed 4544K, reserved 1048576K
}
Event: 66.713 GC heap after
{Heap after GC invocations=17 (full 2):
 PSYoungGen      total 22528K, used 128K [0x00000000eab00000, 0x00000000ec400000, 0x0000000100000000)
  eden space 22016K, 0% used [0x00000000eab00000,0x00000000eab00000,0x00000000ec080000)
  from space 512K, 25% used [0x00000000ec200000,0x00000000ec220000,0x00000000ec280000)
  to   space 1024K, 0% used [0x00000000ec300000,0x00000000ec300000,0x00000000ec400000)
 ParOldGen       total 68608K, used 20345K [0x00000000c0000000, 0x00000000c4300000, 0x00000000eab00000)
  object space 68608K, 29% used [0x00000000c0000000,0x00000000c13de6f8,0x00000000c4300000)
 Metaspace       used 41131K, committed 41920K, reserved 1114112K
  class space    used 4200K, committed 4544K, reserved 1048576K
}

Dll operation events (10 events):
Event: 0.722 Loaded shared library c:\Users\jaquino\.vscode\extensions\redhat.java-1.35.1-win32-x64\jre\17.0.12-win32-x86_64\bin\java.dll
Event: 2.082 Loaded shared library c:\Users\jaquino\.vscode\extensions\redhat.java-1.35.1-win32-x64\jre\17.0.12-win32-x86_64\bin\zip.dll
Event: 2.121 Loaded shared library C:\Users\jaquino\.vscode\extensions\redhat.java-1.35.1-win32-x64\jre\17.0.12-win32-x86_64\bin\instrument.dll
Event: 2.271 Loaded shared library C:\Users\jaquino\.vscode\extensions\redhat.java-1.35.1-win32-x64\jre\17.0.12-win32-x86_64\bin\net.dll
Event: 2.325 Loaded shared library C:\Users\jaquino\.vscode\extensions\redhat.java-1.35.1-win32-x64\jre\17.0.12-win32-x86_64\bin\nio.dll
Event: 2.377 Loaded shared library C:\Users\jaquino\.vscode\extensions\redhat.java-1.35.1-win32-x64\jre\17.0.12-win32-x86_64\bin\zip.dll
Event: 2.501 Loaded shared library C:\Users\jaquino\.vscode\extensions\redhat.java-1.35.1-win32-x64\jre\17.0.12-win32-x86_64\bin\jimage.dll
Event: 2.874 Loaded shared library c:\Users\jaquino\.vscode\extensions\redhat.java-1.35.1-win32-x64\jre\17.0.12-win32-x86_64\bin\verify.dll
Event: 50.979 Loaded shared library C:\Users\jaquino\AppData\Roaming\Code\User\globalStorage\redhat.java\1.35.1\config_ss_win\org.eclipse.equinox.launcher\org.eclipse.equinox.launcher.win32.win32.x86_64_1.2.1100.v20240722-2106\eclipse_11904.dll
Event: 54.283 Loaded shared library C:\Users\jaquino\AppData\Local\Temp\jna--1823882129\jna16435037880107439480.dll

Deoptimization events (20 events):
Event: 66.320 Thread 0x000002967b95eb30 Uncommon trap: trap_request=0xffffffde fr.pc=0x0000029607bd4290 relative=0x00000000000085b0
Event: 66.320 Thread 0x000002967b95eb30 Uncommon trap: reason=class_check action=maybe_recompile pc=0x0000029607bd4290 method=lombok.patcher.PatchScript$MethodPatcher.visitMethod(ILjava/lang/String;Ljava/lang/String;Ljava/lang/String;[Ljava/lang/String;)Lorg/lombokweb/asm/MethodVisitor; @ 101 c
Event: 66.320 Thread 0x000002967b95eb30 DEOPT PACKING pc=0x0000029607bd4290 sp=0x000000ef77cf9840
Event: 66.320 Thread 0x000002967b95eb30 DEOPT UNPACKING pc=0x00000296075866a3 sp=0x000000ef77cf97f8 mode 2
Event: 66.320 Thread 0x000002967b95eb30 Uncommon trap: trap_request=0xffffffde fr.pc=0x0000029607bd4290 relative=0x00000000000085b0
Event: 66.320 Thread 0x000002967b95eb30 Uncommon trap: reason=class_check action=maybe_recompile pc=0x0000029607bd4290 method=lombok.patcher.PatchScript$MethodPatcher.visitMethod(ILjava/lang/String;Ljava/lang/String;Ljava/lang/String;[Ljava/lang/String;)Lorg/lombokweb/asm/MethodVisitor; @ 101 c
Event: 66.320 Thread 0x000002967b95eb30 DEOPT PACKING pc=0x0000029607bd4290 sp=0x000000ef77cf9840
Event: 66.320 Thread 0x000002967b95eb30 DEOPT UNPACKING pc=0x00000296075866a3 sp=0x000000ef77cf97f8 mode 2
Event: 66.917 Thread 0x000002967b95ccd0 DEOPT PACKING pc=0x00000296004d4245 sp=0x000000ef77bfc610
Event: 66.917 Thread 0x000002967b95ccd0 DEOPT UNPACKING pc=0x0000029607586e43 sp=0x000000ef77bfbac0 mode 0
Event: 66.920 Thread 0x000002967b95a960 DEOPT PACKING pc=0x00000296004d4245 sp=0x000000ef77dfa2b0
Event: 66.920 Thread 0x000002967b95a960 DEOPT UNPACKING pc=0x0000029607586e43 sp=0x000000ef77df9760 mode 0
Event: 67.013 Thread 0x000002967b95a960 DEOPT PACKING pc=0x00000296004d4245 sp=0x000000ef77dfdaa0
Event: 67.013 Thread 0x000002967b95a960 DEOPT UNPACKING pc=0x0000029607586e43 sp=0x000000ef77dfcf50 mode 0
Event: 67.063 Thread 0x000002967b95a960 DEOPT PACKING pc=0x00000296004d4245 sp=0x000000ef77dfce70
Event: 67.063 Thread 0x000002967b95a960 DEOPT UNPACKING pc=0x0000029607586e43 sp=0x000000ef77dfc320 mode 0
Event: 67.067 Thread 0x000002967b95a960 DEOPT PACKING pc=0x00000296004d4245 sp=0x000000ef77df9780
Event: 67.067 Thread 0x000002967b95a960 DEOPT UNPACKING pc=0x0000029607586e43 sp=0x000000ef77df8c30 mode 0
Event: 67.149 Thread 0x000002967b95a960 DEOPT PACKING pc=0x00000296004d4245 sp=0x000000ef77dfd0c0
Event: 67.149 Thread 0x000002967b95a960 DEOPT UNPACKING pc=0x0000029607586e43 sp=0x000000ef77dfc570 mode 0

Classes loaded (20 events):
Event: 63.515 Loading class java/util/AbstractList$SubList$1
Event: 63.515 Loading class java/util/AbstractList$SubList$1 done
Event: 63.516 Loading class java/lang/invoke/MethodHandleImpl$CountingWrapper
Event: 63.516 Loading class java/lang/invoke/MethodHandleImpl$CountingWrapper done
Event: 63.716 Loading class java/nio/channels/Channels$ReadableByteChannelImpl
Event: 63.716 Loading class java/nio/channels/Channels$ReadableByteChannelImpl done
Event: 63.717 Loading class java/nio/channels/NonWritableChannelException
Event: 63.717 Loading class java/nio/channels/NonWritableChannelException done
Event: 64.066 Loading class java/lang/invoke/MethodHandleImpl$CountingWrapper$1
Event: 64.066 Loading class java/lang/invoke/MethodHandleImpl$CountingWrapper$1 done
Event: 64.326 Loading class sun/nio/cs/ThreadLocalCoders
Event: 64.326 Loading class sun/nio/cs/ThreadLocalCoders done
Event: 64.326 Loading class sun/nio/cs/ThreadLocalCoders$1
Event: 64.326 Loading class sun/nio/cs/ThreadLocalCoders$Cache
Event: 64.326 Loading class sun/nio/cs/ThreadLocalCoders$Cache done
Event: 64.326 Loading class sun/nio/cs/ThreadLocalCoders$1 done
Event: 64.326 Loading class sun/nio/cs/ThreadLocalCoders$2
Event: 64.326 Loading class sun/nio/cs/ThreadLocalCoders$2 done
Event: 64.394 Loading class java/lang/ExceptionInInitializerError
Event: 64.394 Loading class java/lang/ExceptionInInitializerError done

Classes unloaded (7 events):
Event: 53.974 Thread 0x000002967162ecb0 Unloading class 0x000000010021bc00 'java/lang/invoke/LambdaForm$MH+0x000000010021bc00'
Event: 53.974 Thread 0x000002967162ecb0 Unloading class 0x000000010021b800 'java/lang/invoke/LambdaForm$MH+0x000000010021b800'
Event: 53.974 Thread 0x000002967162ecb0 Unloading class 0x000000010021b400 'java/lang/invoke/LambdaForm$MH+0x000000010021b400'
Event: 53.974 Thread 0x000002967162ecb0 Unloading class 0x000000010021b000 'java/lang/invoke/LambdaForm$MH+0x000000010021b000'
Event: 53.974 Thread 0x000002967162ecb0 Unloading class 0x000000010021ac00 'java/lang/invoke/LambdaForm$BMH+0x000000010021ac00'
Event: 53.974 Thread 0x000002967162ecb0 Unloading class 0x000000010021a800 'java/lang/invoke/LambdaForm$DMH+0x000000010021a800'
Event: 53.974 Thread 0x000002967162ecb0 Unloading class 0x0000000100211400 'java/lang/invoke/LambdaForm$DMH+0x0000000100211400'

Classes redefined (0 events):
No events

Internal exceptions (20 events):
Event: 63.437 Thread 0x000002967b95eb30 Exception <a 'java/lang/NoSuchMethodError'{0x00000000ebf0fc00}: 'int java.lang.invoke.DirectMethodHandle$Holder.invokeVirtual(java.lang.Object, java.lang.Object, java.lang.Object)'> (0x00000000ebf0fc00) 
thrown [s\src\hotspot\share\interpreter\linkResolver.cpp, line 759]
Event: 63.437 Thread 0x000002967b95eb30 Exception <a 'java/lang/NoSuchMethodError'{0x00000000ebf13760}: 'int java.lang.invoke.DirectMethodHandle$Holder.invokeVirtual(java.lang.Object, java.lang.Object)'> (0x00000000ebf13760) 
thrown [s\src\hotspot\share\interpreter\linkResolver.cpp, line 759]
Event: 63.437 Thread 0x000002967b95eb30 Exception <a 'java/lang/NoSuchMethodError'{0x00000000ebf17cd0}: 'int java.lang.invoke.DirectMethodHandle$Holder.invokeStaticInit(java.lang.Object, int, int)'> (0x00000000ebf17cd0) 
thrown [s\src\hotspot\share\interpreter\linkResolver.cpp, line 759]
Event: 63.438 Thread 0x000002967b95eb30 Exception <a 'java/lang/NoSuchMethodError'{0x00000000ebf1f9a8}: 'int java.lang.invoke.DirectMethodHandle$Holder.invokeStaticInit(java.lang.Object, long, long)'> (0x00000000ebf1f9a8) 
thrown [s\src\hotspot\share\interpreter\linkResolver.cpp, line 759]
Event: 63.438 Thread 0x000002967b95eb30 Exception <a 'java/lang/NoSuchMethodError'{0x00000000ebf26aa0}: 'int java.lang.invoke.DirectMethodHandle$Holder.invokeStaticInit(java.lang.Object, float, float)'> (0x00000000ebf26aa0) 
thrown [s\src\hotspot\share\interpreter\linkResolver.cpp, line 759]
Event: 63.441 Thread 0x000002967b95eb30 Exception <a 'java/lang/NoSuchMethodError'{0x00000000ebf2ddf0}: 'int java.lang.invoke.DirectMethodHandle$Holder.invokeStaticInit(java.lang.Object, double, double)'> (0x00000000ebf2ddf0) 
thrown [s\src\hotspot\share\interpreter\linkResolver.cpp, line 759]
Event: 63.443 Thread 0x000002967b95eb30 Exception <a 'java/lang/NoSuchMethodError'{0x00000000ebf326a0}: 'int java.lang.invoke.DirectMethodHandle$Holder.invokeStatic(java.lang.Object, long)'> (0x00000000ebf326a0) 
thrown [s\src\hotspot\share\interpreter\linkResolver.cpp, line 759]
Event: 63.447 Thread 0x000002967b95eb30 Exception <a 'java/lang/NoSuchMethodError'{0x00000000ebf5a788}: 'int java.lang.invoke.Invokers$Holder.linkToTargetMethod(java.lang.Object, java.lang.Object)'> (0x00000000ebf5a788) 
thrown [s\src\hotspot\share\interpreter\linkResolver.cpp, line 759]
Event: 63.513 Thread 0x000002967b9585f0 Exception <a 'java/lang/NoSuchMethodError'{0x00000000ebf05810}: 'int java.lang.invoke.DirectMethodHandle$Holder.invokeSpecial(java.lang.Object, java.lang.Object, java.lang.Object, java.lang.Object)'> (0x00000000ebf05810) 
thrown [s\src\hotspot\share\interpreter\linkResolver.cpp, line 759]
Event: 63.515 Thread 0x000002967b95ccd0 Exception <a 'java/lang/NoSuchMethodError'{0x00000000ec17e458}: 'java.lang.Object java.lang.invoke.DirectMethodHandle$Holder.invokeStatic(java.lang.Object, int, java.lang.Object, java.lang.Object)'> (0x00000000ec17e458) 
thrown [s\src\hotspot\share\interpreter\linkResolver.cpp, line 759]
Event: 63.516 Thread 0x000002967b9585f0 Exception <a 'java/lang/NoSuchMethodError'{0x00000000ec14af28}: 'java.lang.Object java.lang.invoke.DelegatingMethodHandle$Holder.delegate(java.lang.Object, int, java.lang.Object, java.lang.Object)'> (0x00000000ec14af28) 
thrown [s\src\hotspot\share\interpreter\linkResolver.cpp, line 759]
Event: 63.516 Thread 0x000002967b95ccd0 Exception <a 'java/lang/NoSuchMethodError'{0x00000000ec1821b8}: 'java.lang.Object java.lang.invoke.DelegatingMethodHandle$Holder.delegate(java.lang.Object, int, java.lang.Object, java.lang.Object)'> (0x00000000ec1821b8) 
thrown [s\src\hotspot\share\interpreter\linkResolver.cpp, line 759]
Event: 63.516 Thread 0x000002967b95a960 Exception <a 'java/lang/NoSuchMethodError'{0x00000000ec167160}: 'java.lang.Object java.lang.invoke.DelegatingMethodHandle$Holder.delegate(java.lang.Object, int, java.lang.Object, java.lang.Object)'> (0x00000000ec167160) 
thrown [s\src\hotspot\share\interpreter\linkResolver.cpp, line 759]
Event: 63.517 Thread 0x000002967b9585f0 Exception <a 'java/lang/NoSuchMethodError'{0x00000000ec1ab350}: 'int java.lang.invoke.Invokers$Holder.linkToTargetMethod(java.lang.Object, java.lang.Object, java.lang.Object)'> (0x00000000ec1ab350) 
thrown [s\src\hotspot\share\interpreter\linkResolver.cpp, line 759]
Event: 63.517 Thread 0x000002967b95ccd0 Exception <a 'java/lang/NoSuchMethodError'{0x00000000ec1b4948}: 'int java.lang.invoke.Invokers$Holder.linkToTargetMethod(java.lang.Object, java.lang.Object, java.lang.Object)'> (0x00000000ec1b4948) 
thrown [s\src\hotspot\share\interpreter\linkResolver.cpp, line 759]
Event: 65.986 Thread 0x000002967b9585f0 Exception <a 'java/lang/LinkageError'{0x00000000eb088a80}: loader lombok.launch.ShadowClassLoader @1cf6b5ff attempted duplicate class definition for lombok.launch.PatchFixesHider$ValPortal. (lombok.launch.PatchFixesHider$ValPortal is in unnamed module of loader lombok.launch.ShadowClassLoader @1cf6b5ff, parent loader org.eclipse.osgi.internal.loader.EquinoxClassLoader @47bc843d)> (0x00000000eb088a80) 
thrown [s\src\hotspot\share\classfile\systemDictionary.cpp, line 1723]
Event: 65.986 Thread 0x000002967b95ccd0 Exception <a 'java/lang/LinkageError'{0x00000000eb0967a8}: loader lombok.launch.ShadowClassLoader @1cf6b5ff attempted duplicate class definition for lombok.launch.PatchFixesHider$ValPortal. (lombok.launch.PatchFixesHider$ValPortal is in unnamed module of loader lombok.launch.ShadowClassLoader @1cf6b5ff, parent loader org.eclipse.osgi.internal.loader.EquinoxClassLoader @47bc843d)> (0x00000000eb0967a8) 
thrown [s\src\hotspot\share\classfile\systemDictionary.cpp, line 1723]
Event: 65.993 Thread 0x000002967b95a960 Exception <a 'java/lang/LinkageError'{0x00000000eb23e490}: loader lombok.launch.ShadowClassLoader @1cf6b5ff attempted duplicate class definition for lombok.launch.PatchFixesHider$ValPortal. (lombok.launch.PatchFixesHider$ValPortal is in unnamed module of loader lombok.launch.ShadowClassLoader @1cf6b5ff, parent loader org.eclipse.osgi.internal.loader.EquinoxClassLoader @47bc843d)> (0x00000000eb23e490) 
thrown [s\src\hotspot\share\classfile\systemDictionary.cpp, line 1723]
Event: 66.918 Thread 0x000002967b95eb30 Exception <a 'java/lang/LinkageError'{0x00000000eaf6de80}: loader lombok.launch.ShadowClassLoader @1cf6b5ff attempted duplicate class definition for lombok.launch.PatchFixesHider$Transform. (lombok.launch.PatchFixesHider$Transform is in unnamed module of loader lombok.launch.ShadowClassLoader @1cf6b5ff, parent loader org.eclipse.osgi.internal.loader.EquinoxClassLoader @47bc843d)> (0x00000000eaf6de80) 
thrown [s\src\hotspot\share\classfile\systemDictionary.cpp, line 1723]
Event: 66.918 Thread 0x000002967b95ccd0 Exception <a 'java/lang/LinkageError'{0x00000000eafdfaa0}: loader lombok.launch.ShadowClassLoader @1cf6b5ff attempted duplicate class definition for lombok.launch.PatchFixesHider$Transform. (lombok.launch.PatchFixesHider$Transform is in unnamed module of loader lombok.launch.ShadowClassLoader @1cf6b5ff, parent loader org.eclipse.osgi.internal.loader.EquinoxClassLoader @47bc843d)> (0x00000000eafdfaa0) 
thrown [s\src\hotspot\share\classfile\systemDictionary.cpp, line 1723]

VM Operations (20 events):
Event: 63.168 Executing VM operation: HandshakeAllThreads
Event: 63.168 Executing VM operation: HandshakeAllThreads done
Event: 63.600 Executing VM operation: ParallelGCFailedAllocation
Event: 63.602 Executing VM operation: ParallelGCFailedAllocation done
Event: 63.716 Executing VM operation: HandshakeAllThreads
Event: 63.716 Executing VM operation: HandshakeAllThreads done
Event: 64.047 Executing VM operation: ParallelGCFailedAllocation
Event: 64.051 Executing VM operation: ParallelGCFailedAllocation done
Event: 64.220 Executing VM operation: ParallelGCFailedAllocation
Event: 64.229 Executing VM operation: ParallelGCFailedAllocation done
Event: 64.353 Executing VM operation: HandshakeAllThreads
Event: 64.353 Executing VM operation: HandshakeAllThreads done
Event: 65.163 Executing VM operation: ParallelGCFailedAllocation
Event: 65.166 Executing VM operation: ParallelGCFailedAllocation done
Event: 65.760 Executing VM operation: HandshakeAllThreads
Event: 65.760 Executing VM operation: HandshakeAllThreads done
Event: 66.349 Executing VM operation: ParallelGCFailedAllocation
Event: 66.352 Executing VM operation: ParallelGCFailedAllocation done
Event: 66.712 Executing VM operation: ParallelGCFailedAllocation
Event: 66.713 Executing VM operation: ParallelGCFailedAllocation done

Events (20 events):
Event: 57.513 Thread 0x000002967dc3aa20 Thread exited: 0x000002967dc3aa20
Event: 57.914 Thread 0x000002967b6a42f0 Thread added: 0x000002967b6a42f0
Event: 58.919 Thread 0x000002967b6a42f0 Thread exited: 0x000002967b6a42f0
Event: 59.781 Thread 0x000002967b6a5c40 Thread exited: 0x000002967b6a5c40
Event: 60.995 Thread 0x000002967b6a2eb0 Thread added: 0x000002967b6a2eb0
Event: 60.996 Thread 0x000002967b6a33c0 Thread added: 0x000002967b6a33c0
Event: 60.996 Thread 0x000002967b6a3de0 Thread added: 0x000002967b6a3de0
Event: 60.996 Thread 0x000002967b6a42f0 Thread added: 0x000002967b6a42f0
Event: 60.996 Thread 0x000002967b6a4800 Thread added: 0x000002967b6a4800
Event: 61.016 Thread 0x000002967b6a5220 Thread added: 0x000002967b6a5220
Event: 61.916 Thread 0x000002967b6a5c40 Thread added: 0x000002967b6a5c40
Event: 61.916 Thread 0x000002967b95ccd0 Thread added: 0x000002967b95ccd0
Event: 62.369 Thread 0x000002967b95eb30 Thread added: 0x000002967b95eb30
Event: 62.381 Thread 0x000002967b95a960 Thread added: 0x000002967b95a960
Event: 62.391 Thread 0x000002967b9585f0 Thread added: 0x000002967b9585f0
Event: 63.969 Thread 0x000002967bf9b850 Thread added: 0x000002967bf9b850
Event: 64.715 Thread 0x000002967bf9b850 Thread exited: 0x000002967bf9b850
Event: 65.680 Thread 0x000002967c9e0050 Thread added: 0x000002967c9e0050
Event: 65.941 Thread 0x000002967c9e0050 Thread exited: 0x000002967c9e0050
Event: 66.321 Thread 0x000002967db527c0 Thread added: 0x000002967db527c0


Dynamic libraries:
0x00007ff7d5f80000 - 0x00007ff7d5f8e000 	c:\Users\jaquino\.vscode\extensions\redhat.java-1.35.1-win32-x64\jre\17.0.12-win32-x86_64\bin\java.exe
0x00007fff6ccd0000 - 0x00007fff6cec8000 	C:\Windows\SYSTEM32\ntdll.dll
0x00007fff6c430000 - 0x00007fff6c4ed000 	C:\Windows\System32\KERNEL32.DLL
0x00007fff6a5e0000 - 0x00007fff6a8d6000 	C:\Windows\System32\KERNELBASE.dll
0x00007fff6a390000 - 0x00007fff6a490000 	C:\Windows\System32\ucrtbase.dll
0x00007fff53fd0000 - 0x00007fff53fe7000 	c:\Users\jaquino\.vscode\extensions\redhat.java-1.35.1-win32-x64\jre\17.0.12-win32-x86_64\bin\jli.dll
0x00007fff6c7f0000 - 0x00007fff6c98f000 	C:\Windows\System32\USER32.dll
0x00007fff6a9c0000 - 0x00007fff6a9e2000 	C:\Windows\System32\win32u.dll
0x00007fff6cbb0000 - 0x00007fff6cbdb000 	C:\Windows\System32\GDI32.dll
0x00007fff6a9f0000 - 0x00007fff6ab07000 	C:\Windows\System32\gdi32full.dll
0x00007fff6ac70000 - 0x00007fff6ad0d000 	C:\Windows\System32\msvcp_win.dll
0x00007fff5b620000 - 0x00007fff5b8ba000 	C:\Windows\WinSxS\amd64_microsoft.windows.common-controls_6595b64144ccf1df_6.0.19041.4355_none_60b8b9eb71f62e16\COMCTL32.dll
0x00007fff6ae20000 - 0x00007fff6aebe000 	C:\Windows\System32\msvcrt.dll
0x00007fff4c470000 - 0x00007fff4c48b000 	c:\Users\jaquino\.vscode\extensions\redhat.java-1.35.1-win32-x64\jre\17.0.12-win32-x86_64\bin\VCRUNTIME140.dll
0x00007fff6b840000 - 0x00007fff6b86f000 	C:\Windows\System32\IMM32.DLL
0x00007fff61ae0000 - 0x00007fff61ce2000 	C:\Windows\system32\tmumh\20019\AddOn\8.55.0.1288\TmUmEvt64.dll
0x00007fff6c500000 - 0x00007fff6c508000 	C:\Windows\System32\PSAPI.DLL
0x00007fff6ad70000 - 0x00007fff6ae20000 	C:\Windows\System32\ADVAPI32.dll
0x00007fff6c750000 - 0x00007fff6c7f0000 	C:\Windows\System32\sechost.dll
0x00007fff6c570000 - 0x00007fff6c693000 	C:\Windows\System32\RPCRT4.dll
0x00007fff6a490000 - 0x00007fff6a4b7000 	C:\Windows\System32\bcrypt.dll
0x0000000075330000 - 0x00000000754c7000 	C:\Windows\system32\tmumh\20019\TmMon\2.9.0.1084\tmmon64.dll
0x00007fff54e20000 - 0x00007fff54e2c000 	c:\Users\jaquino\.vscode\extensions\redhat.java-1.35.1-win32-x64\jre\17.0.12-win32-x86_64\bin\vcruntime140_1.dll
0x00007fff26c70000 - 0x00007fff26cfd000 	c:\Users\jaquino\.vscode\extensions\redhat.java-1.35.1-win32-x64\jre\17.0.12-win32-x86_64\bin\msvcp140.dll
0x00007ffef4290000 - 0x00007ffef4efa000 	c:\Users\jaquino\.vscode\extensions\redhat.java-1.35.1-win32-x64\jre\17.0.12-win32-x86_64\bin\server\jvm.dll
0x00007fff6c9f0000 - 0x00007fff6ca5b000 	C:\Windows\System32\WS2_32.dll
0x00007fff6a270000 - 0x00007fff6a2bb000 	C:\Windows\SYSTEM32\POWRPROF.dll
0x00007fff56900000 - 0x00007fff56927000 	C:\Windows\SYSTEM32\WINMM.dll
0x00007fff5bdf0000 - 0x00007fff5bdfa000 	C:\Windows\SYSTEM32\VERSION.dll
0x00007fff6a230000 - 0x00007fff6a242000 	C:\Windows\SYSTEM32\UMPDC.dll
0x00007fff689a0000 - 0x00007fff689b2000 	C:\Windows\SYSTEM32\kernel.appcore.dll
0x00007fff534f0000 - 0x00007fff534fa000 	c:\Users\jaquino\.vscode\extensions\redhat.java-1.35.1-win32-x64\jre\17.0.12-win32-x86_64\bin\jimage.dll
0x00007fff5be00000 - 0x00007fff5bfe4000 	C:\Windows\SYSTEM32\DBGHELP.DLL
0x00007fff5b8c0000 - 0x00007fff5b8f4000 	C:\Windows\SYSTEM32\dbgcore.DLL
0x00007fff6a8e0000 - 0x00007fff6a962000 	C:\Windows\System32\bcryptPrimitives.dll
0x00007fff532b0000 - 0x00007fff532be000 	c:\Users\jaquino\.vscode\extensions\redhat.java-1.35.1-win32-x64\jre\17.0.12-win32-x86_64\bin\instrument.dll
0x00007fff36f90000 - 0x00007fff36fb5000 	c:\Users\jaquino\.vscode\extensions\redhat.java-1.35.1-win32-x64\jre\17.0.12-win32-x86_64\bin\java.dll
0x00007fff48840000 - 0x00007fff48858000 	c:\Users\jaquino\.vscode\extensions\redhat.java-1.35.1-win32-x64\jre\17.0.12-win32-x86_64\bin\zip.dll
0x00007fff6bb00000 - 0x00007fff6c26c000 	C:\Windows\System32\SHELL32.dll
0x00007fff681f0000 - 0x00007fff6898d000 	C:\Windows\SYSTEM32\windows.storage.dll
0x00007fff6b4e0000 - 0x00007fff6b833000 	C:\Windows\System32\combase.dll
0x00007fff69c00000 - 0x00007fff69c2e000 	C:\Windows\SYSTEM32\Wldp.dll
0x00007fff6ca60000 - 0x00007fff6cb2d000 	C:\Windows\System32\OLEAUT32.dll
0x00007fff6c6a0000 - 0x00007fff6c74d000 	C:\Windows\System32\SHCORE.dll
0x00007fff6ad10000 - 0x00007fff6ad65000 	C:\Windows\System32\shlwapi.dll
0x00007fff6a2c0000 - 0x00007fff6a2e4000 	C:\Windows\SYSTEM32\profapi.dll
0x00007fff416a0000 - 0x00007fff416b9000 	C:\Users\jaquino\.vscode\extensions\redhat.java-1.35.1-win32-x64\jre\17.0.12-win32-x86_64\bin\net.dll
0x00007fff66020000 - 0x00007fff6612a000 	C:\Windows\SYSTEM32\WINHTTP.dll
0x00007fff699e0000 - 0x00007fff69a4a000 	C:\Windows\system32\mswsock.dll
0x00007fff40b20000 - 0x00007fff40b36000 	C:\Users\jaquino\.vscode\extensions\redhat.java-1.35.1-win32-x64\jre\17.0.12-win32-x86_64\bin\nio.dll
0x00007fff531e0000 - 0x00007fff531f0000 	c:\Users\jaquino\.vscode\extensions\redhat.java-1.35.1-win32-x64\jre\17.0.12-win32-x86_64\bin\verify.dll
0x00007fff3e290000 - 0x00007fff3e2d5000 	C:\Users\jaquino\AppData\Roaming\Code\User\globalStorage\redhat.java\1.35.1\config_ss_win\org.eclipse.equinox.launcher\org.eclipse.equinox.launcher.win32.win32.x86_64_1.2.1100.v20240722-2106\eclipse_11904.dll
0x00007fff6af40000 - 0x00007fff6b06b000 	C:\Windows\System32\ole32.dll
0x00007fff69cb0000 - 0x00007fff69cc8000 	C:\Windows\SYSTEM32\CRYPTSP.dll
0x00007fff69320000 - 0x00007fff69354000 	C:\Windows\system32\rsaenh.dll
0x00007fff6a200000 - 0x00007fff6a22e000 	C:\Windows\SYSTEM32\USERENV.dll
0x00007fff69b70000 - 0x00007fff69b7c000 	C:\Windows\SYSTEM32\CRYPTBASE.dll
0x00007fff696e0000 - 0x00007fff6971b000 	C:\Windows\SYSTEM32\IPHLPAPI.DLL
0x00007fff6c420000 - 0x00007fff6c428000 	C:\Windows\System32\NSI.dll
0x00007fff671c0000 - 0x00007fff671d7000 	C:\Windows\SYSTEM32\dhcpcsvc6.DLL
0x00007fff67050000 - 0x00007fff6706d000 	C:\Windows\SYSTEM32\dhcpcsvc.DLL
0x00007fff69720000 - 0x00007fff697ea000 	C:\Windows\SYSTEM32\DNSAPI.dll
0x00007fff26f30000 - 0x00007fff26f79000 	C:\Users\jaquino\AppData\Local\Temp\jna--1823882129\jna16435037880107439480.dll

dbghelp: loaded successfully - version: 4.0.5 - missing functions: none
symbol engine: initialized successfully - sym options: 0x614 - pdb path: .;c:\Users\jaquino\.vscode\extensions\redhat.java-1.35.1-win32-x64\jre\17.0.12-win32-x86_64\bin;C:\Windows\SYSTEM32;C:\Windows\WinSxS\amd64_microsoft.windows.common-controls_6595b64144ccf1df_6.0.19041.4355_none_60b8b9eb71f62e16;C:\Windows\system32\tmumh\20019\AddOn\8.55.0.1288;C:\Windows\system32\tmumh\20019\TmMon\2.9.0.1084;c:\Users\jaquino\.vscode\extensions\redhat.java-1.35.1-win32-x64\jre\17.0.12-win32-x86_64\bin\server;C:\Users\jaquino\AppData\Roaming\Code\User\globalStorage\redhat.java\1.35.1\config_ss_win\org.eclipse.equinox.launcher\org.eclipse.equinox.launcher.win32.win32.x86_64_1.2.1100.v20240722-2106;C:\Users\jaquino\AppData\Local\Temp\jna--1823882129

VM Arguments:
jvm_args: --add-modules=ALL-SYSTEM --add-opens=java.base/java.util=ALL-UNNAMED --add-opens=java.base/java.lang=ALL-UNNAMED --add-opens=java.base/sun.nio.fs=ALL-UNNAMED -Declipse.application=org.eclipse.jdt.ls.core.id1 -Dosgi.bundles.defaultStartLevel=4 -Declipse.product=org.eclipse.jdt.ls.core.product -Djava.import.generatesMetadataFilesAtProjectRoot=false -DDetectVMInstallationsJob.disabled=true -Dfile.encoding=utf8 -XX:+UseParallelGC -XX:GCTimeRatio=4 -XX:AdaptiveSizePolicyWeight=90 -Dsun.zip.disableMemoryMapping=true -Xmx1G -Xms100m -Xlog:disable -javaagent:c:\Users\jaquino\.vscode\extensions\redhat.java-1.35.1-win32-x64\lombok\lombok-1.18.33.jar 
java_command: c:\Users\jaquino\.vscode\extensions\redhat.java-1.35.1-win32-x64\server\plugins\org.eclipse.equinox.launcher_1.6.900.v20240613-2009.jar -configuration c:\Users\jaquino\AppData\Roaming\Code\User\globalStorage\redhat.java\1.35.1\config_ss_win -data c:\Users\jaquino\AppData\Roaming\Code\User\workspaceStorage\d866413a3c9df3e65c181d257a67d8cf\redhat.java\ss_ws --pipe=\\.\pipe\lsp-24ddaf1583b20cec1b938714a34346fc-sock
java_class_path (initial): c:\Users\jaquino\.vscode\extensions\redhat.java-1.35.1-win32-x64\server\plugins\org.eclipse.equinox.launcher_1.6.900.v20240613-2009.jar
Launcher Type: SUN_STANDARD

[Global flags]
    uintx AdaptiveSizePolicyWeight                 = 90                                        {product} {command line}
     intx CICompilerCount                          = 3                                         {product} {ergonomic}
    uintx GCTimeRatio                              = 4                                         {product} {command line}
   size_t InitialHeapSize                          = 104857600                                 {product} {command line}
   size_t MaxHeapSize                              = 1073741824                                {product} {command line}
   size_t MaxNewSize                               = 357564416                                 {product} {ergonomic}
   size_t MinHeapDeltaBytes                        = 524288                                    {product} {ergonomic}
   size_t MinHeapSize                              = 104857600                                 {product} {command line}
   size_t NewSize                                  = 34603008                                  {product} {ergonomic}
    uintx NonNMethodCodeHeapSize                   = 5832780                                {pd product} {ergonomic}
    uintx NonProfiledCodeHeapSize                  = 122912730                              {pd product} {ergonomic}
   size_t OldSize                                  = 70254592                                  {product} {ergonomic}
    uintx ProfiledCodeHeapSize                     = 122912730                              {pd product} {ergonomic}
    uintx ReservedCodeCacheSize                    = 251658240                              {pd product} {ergonomic}
     bool SegmentedCodeCache                       = true                                      {product} {ergonomic}
   size_t SoftMaxHeapSize                          = 1073741824                             {manageable} {ergonomic}
     bool UseCompressedClassPointers               = true                           {product lp64_product} {ergonomic}
     bool UseCompressedOops                        = true                           {product lp64_product} {ergonomic}
     bool UseLargePagesIndividualAllocation        = false                                  {pd product} {ergonomic}
     bool UseParallelGC                            = true                                      {product} {command line}

Logging:
Log output configuration:
 #0: stdout all=off uptime,level,tags
 #1: stderr all=off uptime,level,tags

Environment Variables:
JAVA_HOME=C:\Program Files\Java\jdk-21
PATH=C:\Program Files\Common Files\Oracle\Java\javapath;C:\Windows\system32;C:\Windows;C:\Windows\System32\Wbem;C:\Windows\System32\WindowsPowerShell\v1.0\;C:\Windows\System32\OpenSSH\;C:\Program Files\TortoiseSVN\bin;C:\Program Files\nodejs\;C:\Program Files\Git\cmd;C:\Program Files\Apache\apache-maven-3.9.9\bin;C:\Users\jaquino\AppData\Local\Programs\Python\Python312\Scripts\;C:\Users\jaquino\AppData\Local\Programs\Python\Python312\;C:\Users\jaquino\AppData\Local\Programs\Python\Launcher\;C:\Users\jaquino\AppData\Local\Microsoft\WindowsApps;C:\Users\jaquino\AppData\Roaming\npm;C:\Users\jaquino\AppData\Local\GitHubDesktop\bin;C:\Program Files\JetBrains\CLion 2024.1.4\bin;;C:\MinGW\bin;C:\Users\jaquino\AppData\Local\Programs\Microsoft VS Code\bin;C:\Program Files (x86)\Common Files\Hilscher GmbH\TLRDecode
USERNAME=jaquino
OS=Windows_NT
PROCESSOR_IDENTIFIER=Intel64 Family 6 Model 60 Stepping 3, GenuineIntel
TMP=C:\Users\jaquino\AppData\Local\Temp
TEMP=C:\Users\jaquino\AppData\Local\Temp



Periodic native trim disabled


---------------  S Y S T E M  ---------------

OS:
 Windows 10 , 64 bit Build 19041 (10.0.19041.3636)
OS uptime: 1 days 6:42 hours
Hyper-V role detected

CPU: total 4 (initial active 4) (4 cores per cpu, 1 threads per core) family 6 model 60 stepping 3 microcode 0x27, cx8, cmov, fxsr, mmx, sse, sse2, sse3, ssse3, sse4.1, sse4.2, popcnt, lzcnt, tsc, tscinvbit, avx, avx2, aes, erms, clmul, bmi1, bmi2, fma, vzeroupper, clflush, hv
Processor Information for all 4 processors :
  Max Mhz: 3201, Current Mhz: 3201, Mhz Limit: 3201

Memory: 4k page, system-wide physical 20160M (10119M free)
TotalPageFile size 23104M (AvailPageFile size 12351M)
current process WorkingSet (physical memory assigned to process): 201M, peak: 203M
current process commit charge ("private bytes"): 279M, peak: 282M

vm_info: OpenJDK 64-Bit Server VM (17.0.12+7) for windows-amd64 JRE (17.0.12+7), built on Jul 16 2024 22:08:24 by "admin" with MS VC++ 16.10 / 16.11 (VS2019)

END.
